<?xml version="1.0" encoding="UTF-8"?>
<!-- Generated by org.testng.reporters.JUnitReportReporter -->
<testsuite hostname="DESKTOP-B64QDB1" failures="0" tests="2" name="demoMaven.Maven.AppiumTest" time="0.016" errors="0" timestamp="28 Aug 2020 19:43:27 GMT" skipped="0">
  <testcase classname="demoMaven.Maven.AppiumTest" name="deleteTwitter" time="0.014"/>
  <testcase classname="demoMaven.Maven.AppiumTest" name="postjira" time="0.002"/>
</testsuite> <!-- demoMaven.Maven.AppiumTest -->
