<?xml version="1.0" encoding="UTF-8"?>
<!-- Generated by org.testng.reporters.JUnitReportReporter -->
<testsuite hostname="DESKTOP-B64QDB1" failures="0" tests="2" name="demoMaven.Maven.Seleniumtest" time="0.003" errors="0" timestamp="28 Aug 2020 19:43:27 GMT" skipped="0">
  <testcase classname="demoMaven.Maven.Seleniumtest" name="Uiautomation" time="0.002"/>
  <testcase classname="demoMaven.Maven.Seleniumtest" name="elementsUi" time="0.001"/>
</testsuite> <!-- demoMaven.Maven.Seleniumtest -->
